<?xml version="1.0" encoding="UTF-8"?>
<testsuite name="org.gradle.fairy.tale.formula.ModularityTest" tests="2" skipped="1" failures="0" errors="0" timestamp="2019-05-03T12:14:54" hostname="Oscar" time="0.004">
  <properties/>
  <testcase name="canDynamicallyReachDefaultActor" classname="org.gradle.fairy.tale.formula.ModularityTest" time="0.0">
    <skipped/>
  </testcase>
  <testcase name="canReachActor" classname="org.gradle.fairy.tale.formula.ModularityTest" time="0.002"/>
  <system-out><![CDATA[]]></system-out>
  <system-err><![CDATA[]]></system-err>
</testsuite>
