<?xml version="1.0" encoding="UTF-8"?>
<testsuite name="org.gradle.actors.GroupTest" tests="4" skipped="0" failures="0" errors="0" timestamp="2019-05-03T12:14:53" hostname="Oscar" time="0.001">
  <properties/>
  <testcase name="containsActors" classname="org.gradle.actors.GroupTest" time="0.0"/>
  <testcase name="noActorsByDefault" classname="org.gradle.actors.GroupTest" time="0.0"/>
  <testcase name="accurateToString" classname="org.gradle.actors.GroupTest" time="0.0"/>
  <testcase name="nameMatches" classname="org.gradle.actors.GroupTest" time="0.0"/>
  <system-out><![CDATA[]]></system-out>
  <system-err><![CDATA[]]></system-err>
</testsuite>
